<?xml version="1.0" encoding="UTF-8"?>
<!-- Generated by org.testng.reporters.JUnitXMLReporter -->
<testsuite ignored="0" hostname="DESKTOP-ML248P1" failures="1" tests="2" name="Firstname testing" time="24.456" errors="0" timestamp="01 Apr 2022 00:32:20 GMT">
  <testcase classname="io.cucumber.testng.AbstractTestNGCucumberTests" name="runScenario" time="14.941">
    <failure type="java.lang.AssertionError" message="title was not correct found it different actual title is: Online Shopping Canada: Everyday Low Prices at Walmart.ca!">
      <![CDATA[java.lang.AssertionError: title was not correct found it different actual title is: Online Shopping Canada: Everyday Low Prices at Walmart.ca!
at org.junit.Assert.fail(Assert.java:88)
at stepdefination.homepagesteps.checking_title_of_page(homepagesteps.java:38)
at ✽.checking title of page(file:///C:/Users/praja/eclipse-workspace/Cucke/src/test/java/Features/homepage.feature:6)
]]>
    </failure>
  </testcase> <!-- runScenario -->
  <testcase classname="io.cucumber.testng.AbstractTestNGCucumberTests" name="runScenario" time="17.826"/>
</testsuite> <!-- Firstname testing -->
