-------------------------------------------------------------------------------
Test set: RunnerFile.RunnerTest
-------------------------------------------------------------------------------
Tests run: 1, Failures: 0, Errors: 1, Skipped: 0, Time elapsed: 0 s <<< FAILURE! - in RunnerFile.RunnerTest
RunnerFile.RunnerTest.initializationError  Time elapsed: 0 s  <<< ERROR!
io.cucumber.core.exception.CucumberException: java.lang.NoClassDefFoundError: io/cucumber/messages/internal/com/google/protobuf/GeneratedMessageV3
Caused by: java.lang.NoClassDefFoundError: io/cucumber/messages/internal/com/google/protobuf/GeneratedMessageV3
Caused by: java.lang.ClassNotFoundException: io.cucumber.messages.internal.com.google.protobuf.GeneratedMessageV3

