<?xml version="1.0" encoding="UTF-8"?>
<testsuite xmlns:xsi="http://www.w3.org/2001/XMLSchema-instance" xsi:noNamespaceSchemaLocation="https://maven.apache.org/surefire/maven-surefire-plugin/xsd/surefire-test-report-3.0.xsd" version="3.0" name="Verifying homepage" time="15.052" tests="1" errors="0" skipped="0" failures="1">
  <properties>
[...]
</properties>
  <testcase name="verifying login page of walmart" classname="Verifying homepage" time="15.052">
    <failure message="title was not correct found it different actual title is: Online Shopping Canada: Everyday Low Prices at Walmart.ca!" type="java.lang.AssertionError"><![CDATA[java.lang.AssertionError: title was not correct found it different actual title is: Online Shopping Canada: Everyday Low Prices at Walmart.ca!
]]></failure>
    <system-out><![CDATA[Mar 20, 2022 3:47:28 PM tech.grasshopper.pdf.PDFCucumberReport collectReportConfiguration
INFO: PDF report configuration YAML file not found. Using default settings.

&amp#27;[32m&amp#27;[1m┌──────────────────────────────────────────────────────────────────────────┐&amp#27;[0m
&amp#27;[32m&amp#27;[1m│&amp#27;[0m View your Cucumber Report at:                                            &amp#27;[32m&amp#27;[1m│&amp#27;[0m
&amp#27;[32m&amp#27;[1m│&amp#27;[0m &amp#27;[1m&amp#27;[36m&amp#27;[4mhttps://reports.cucumber.io/reports/87d1ec10-29c1-4450-a6a7-8ae427c7ce0c&amp#27;[0m &amp#27;[32m&amp#27;[1m│&amp#27;[0m
&amp#27;[32m&amp#27;[1m│&amp#27;[0m                                                                          &amp#27;[32m&amp#27;[1m│&amp#27;[0m
&amp#27;[32m&amp#27;[1m│&amp#27;[0m &amp#27;[1mThis report will self-destruct in 24h.&amp#27;[0m                                   &amp#27;[32m&amp#27;[1m│&amp#27;[0m
&amp#27;[32m&amp#27;[1m│&amp#27;[0m Keep reports forever: &amp#27;[4m&amp#27;[1m&amp#27;[36mhttps://reports.cucumber.io/profile&amp#27;[0m                &amp#27;[32m&amp#27;[1m│&amp#27;[0m
&amp#27;[32m&amp#27;[1m└──────────────────────────────────────────────────────────────────────────┘&amp#27;[0m

Scenario: verifying login page of walmart                             &amp#27;[90m# src/test/java/Features/homepage.feature:2&amp#27;[0m
*-----------------------Browser starting-----------------------*
  &amp#27;[32mGiven &amp#27;[0m&amp#27;[32muser is on loginpage by using url &amp#27;[0m&amp#27;[32m&amp#27;[1m"https://www.walmart.ca/en"&amp#27;[0m &amp#27;[90m# stepdefination.homepagesteps.user_is_on_loginpage_by_using_url(java.lang.String)&amp#27;[0m
I am on Checking title page
Online Shopping Canada: Everyday Low Prices at Walmart.ca!
  &amp#27;[31mWhen &amp#27;[0m&amp#27;[31mchecking title of page&amp#27;[0m                                         &amp#27;[90m# stepdefination.homepagesteps.checking_title_of_page()&amp#27;[0m
      &amp#27;[31mjava.lang.AssertionError: title was not correct found it different actual title is: Online Shopping Canada: Everyday Low Prices at Walmart.ca!
	at org.junit.Assert.fail(Assert.java:88)
	at stepdefination.homepagesteps.checking_title_of_page(homepagesteps.java:44)
	at âœ½.checking title of page(file:///C:/Users/praja/eclipse-workspace/Cucke/src/test/java/Features/homepage.feature:5)
&amp#27;[0m
  &amp#27;[36mThen &amp#27;[0m&amp#27;[36mtitle is correct&amp#27;[0m                                               &amp#27;[90m# stepdefination.homepagesteps.title_is_correct()&amp#27;[0m
*-----------------------Browser Closed------------------------*

    Embedding verifying_login_page_of_walmart [image/png 357755 bytes]

]]></system-out>
    <system-err><![CDATA[Starting ChromeDriver 99.0.4844.51 (d537ec02474b5afe23684e7963d538896c63ac77-refs/branch-heads/4844@{#875}) on port 5216
Only local connections are allowed.
Please see https://chromedriver.chromium.org/security-considerations for suggestions on keeping ChromeDriver safe.
ChromeDriver was started successfully.
Mar 20, 2022 3:47:16 PM org.openqa.selenium.remote.ProtocolHandshake createSession
INFO: Detected dialect: W3C
Mar 20, 2022 3:47:16 PM org.openqa.selenium.remote.ProtocolHandshake createSession
INFO: Detected dialect: W3C
]]></system-err>
  </testcase>
</testsuite>