<?xml version="1.0" encoding="UTF-8"?>
<testsuite xmlns:xsi="http://www.w3.org/2001/XMLSchema-instance" xsi:noNamespaceSchemaLocation="https://maven.apache.org/surefire/maven-surefire-plugin/xsd/surefire-test-report-3.0.xsd" version="3.0" name="RunnerFile.RunnerTest" time="0" tests="1" errors="1" skipped="0" failures="0">
  <properties>
[...]
</properties>
  <testcase name="initializationError" classname="RunnerFile.RunnerTest" time="0">
    <error message="java.lang.NoClassDefFoundError: io/cucumber/messages/internal/com/google/protobuf/GeneratedMessageV3" type="io.cucumber.core.exception.CucumberException"><![CDATA[io.cucumber.core.exception.CucumberException: java.lang.NoClassDefFoundError: io/cucumber/messages/internal/com/google/protobuf/GeneratedMessageV3
Caused by: java.lang.NoClassDefFoundError: io/cucumber/messages/internal/com/google/protobuf/GeneratedMessageV3
Caused by: java.lang.ClassNotFoundException: io.cucumber.messages.internal.com.google.protobuf.GeneratedMessageV3
]]></error>
  </testcase>
</testsuite>