-------------------------------------------------------------------------------
Test set: Verifying homepage
-------------------------------------------------------------------------------
Tests run: 1, Failures: 1, Errors: 0, Skipped: 0, Time elapsed: 15.052 s <<< FAILURE! - in Verifying homepage
Verifying homepage.verifying login page of walmart  Time elapsed: 15.052 s  <<< FAILURE!
java.lang.AssertionError: title was not correct found it different actual title is: Online Shopping Canada: Everyday Low Prices at Walmart.ca!

