-------------------------------------------------------------------------------
Test set: Verifying homepage
-------------------------------------------------------------------------------
Tests run: 1, Failures: 1, Errors: 0, Skipped: 0, Time elapsed: 7.005 s <<< FAILURE! - in Verifying homepage
Verifying homepage.verifying login page of walmart  Time elapsed: 7.005 s  <<< FAILURE!
java.lang.AssertionError: title was not correct found it different actual title is: Verify Your Identity

