<?xml version="1.0" encoding="UTF-8"?>
<testng-results ignored="0" total="2" passed="2" failed="0" skipped="0">
  <reporter-output>
  </reporter-output>
  <suite started-at="2022-04-22T19:08:14Z" name="Default suite" finished-at="2022-04-22T19:08:35Z" duration-ms="20830">
    <groups>
      <group name="cucumber">
        <method signature="AbstractTestNGCucumberTests.runScenario(io.cucumber.testng.PickleWrapper, io.cucumber.testng.FeatureWrapper)[pri:0, instance:RunnerFile.TestNgRunnerFile@1ab06251]" name="runScenario" class="io.cucumber.testng.AbstractTestNGCucumberTests"/>
      </group> <!-- cucumber -->
    </groups>
    <test started-at="2022-04-22T19:08:14Z" name="Default test" finished-at="2022-04-22T19:08:35Z" duration-ms="20830">
      <class name="RunnerFile.TestNgRunnerFile">
        <test-method is-config="true" signature="setUpClass()[pri:0, instance:RunnerFile.TestNgRunnerFile@1ab06251]" started-at="2022-04-22T19:08:14Z" name="setUpClass" finished-at="2022-04-22T19:08:15Z" duration-ms="1234" status="PASS">
          <reporter-output>
          </reporter-output>
        </test-method> <!-- setUpClass -->
        <test-method signature="runScenario(io.cucumber.testng.PickleWrapper, io.cucumber.testng.FeatureWrapper)[pri:0, instance:RunnerFile.TestNgRunnerFile@1ab06251]" started-at="2022-04-22T19:08:15Z" name="runScenario" description="Runs Cucumber Scenarios" data-provider="scenarios" finished-at="2022-04-22T19:08:30Z" duration-ms="14866" status="PASS">
          <params>
            <param index="0">
              <value>
                <![CDATA["login in to application by entering url"]]>
              </value>
            </param>
            <param index="1">
              <value>
                <![CDATA["Optional[checking login feature of application]"]]>
              </value>
            </param>
          </params>
          <reporter-output>
          </reporter-output>
        </test-method> <!-- runScenario -->
        <test-method signature="runScenario(io.cucumber.testng.PickleWrapper, io.cucumber.testng.FeatureWrapper)[pri:0, instance:RunnerFile.TestNgRunnerFile@1ab06251]" started-at="2022-04-22T19:08:15Z" name="runScenario" description="Runs Cucumber Scenarios" data-provider="scenarios" finished-at="2022-04-22T19:08:31Z" duration-ms="15833" status="PASS">
          <params>
            <param index="0">
              <value>
                <![CDATA["verifying login page of walmart"]]>
              </value>
            </param>
            <param index="1">
              <value>
                <![CDATA["Optional[Verifying homepage]"]]>
              </value>
            </param>
          </params>
          <reporter-output>
          </reporter-output>
        </test-method> <!-- runScenario -->
        <test-method is-config="true" signature="tearDownClass()[pri:0, instance:RunnerFile.TestNgRunnerFile@1ab06251]" started-at="2022-04-22T19:08:31Z" name="tearDownClass" finished-at="2022-04-22T19:08:35Z" duration-ms="3716" status="PASS">
          <reporter-output>
          </reporter-output>
        </test-method> <!-- tearDownClass -->
      </class> <!-- RunnerFile.TestNgRunnerFile -->
    </test> <!-- Default test -->
  </suite> <!-- Default suite -->
</testng-results>
