<?xml version="1.0" encoding="UTF-8"?>
<!-- Generated by org.testng.reporters.JUnitReportReporter -->
<testsuite hostname="DESKTOP-ML248P1" failures="1" tests="2" name="RunnerFile.TestNgRunnerFile" time="32.767" errors="0" timestamp="01 Apr 2022 00:32:21 GMT" skipped="0">
  <testcase classname="RunnerFile.TestNgRunnerFile" name="runScenario" time="14.941">
    <failure message="title was not correct found it different actual title is: Online Shopping Canada: Everyday Low Prices at Walmart.ca!" type="java.lang.AssertionError">
      <![CDATA[java.lang.AssertionError: title was not correct found it different actual title is: Online Shopping Canada: Everyday Low Prices at Walmart.ca!
at org.junit.Assert.fail(Assert.java:88)
at stepdefination.homepagesteps.checking_title_of_page(homepagesteps.java:38)
at ✽.checking title of page(file:///C:/Users/praja/eclipse-workspace/Cucke/src/test/java/Features/homepage.feature:6)
]]>
    </failure>
  </testcase> <!-- runScenario -->
  <testcase classname="RunnerFile.TestNgRunnerFile" name="runScenario" time="17.826"/>
</testsuite> <!-- RunnerFile.TestNgRunnerFile -->
